<?xml version="1.0" encoding="UTF-8"?>
<!-- Generated by org.testng.reporters.JUnitReportReporter -->
<testsuite skipped="0" hostname="DESKTOP-7O9SEML" name="test.TestFinalExam" tests="1" failures="0" timestamp="2019-09-13T15:46:51 CDT" time="21.519" errors="0">
  <testcase name="validUsersShouldBeAbleToAddaCategory" time="21.519" classname="test.TestFinalExam"/>
</testsuite> <!-- test.TestFinalExam -->
